<?xml version="1.0" encoding="UTF-8"?>
<!-- Generated by org.testng.reporters.JUnitReportReporter -->
<testsuite hostname="iMac-User" failures="0" tests="1" name="homework4.FunctionsTest" time="0.000" errors="0" timestamp="2021-05-14T07:45:48 MSK" skipped="1">
  <testcase classname="homework4.FunctionsTest" name="testIsNumberPositive" time="0.000">
    <skipped/>
  </testcase> <!-- testIsNumberPositive -->
  <system-out/>
</testsuite> <!-- homework4.FunctionsTest -->
