<?xml version="1.0" encoding="UTF-8"?>
<!-- Generated by org.testng.reporters.JUnitReportReporter -->
<testsuite hostname="iMac-User" failures="0" tests="4" name="lesson3.CRMTests" time="0.000" errors="0" timestamp="2021-05-14T07:45:48 MSK" skipped="4">
  <testcase classname="lesson3.CRMTests" name="createContactPerson" time="0.000">
    <skipped/>
  </testcase> <!-- createContactPerson -->
  <system-out/>
  <testcase classname="lesson3.CRMTests" name="createOrganization" time="0.000">
    <skipped/>
  </testcase> <!-- createOrganization -->
  <system-out/>
  <testcase classname="lesson3.CRMTests" name="createBusinessTrip" time="0.000">
    <skipped/>
  </testcase> <!-- createBusinessTrip -->
  <system-out/>
  <testcase classname="lesson3.CRMTests" name="createNewProjectTest">
    <skipped/>
  </testcase> <!-- createNewProjectTest -->
  <system-out/>
</testsuite> <!-- lesson3.CRMTests -->
