<?xml version="1.0" encoding="UTF-8"?>
<!-- Generated by org.testng.reporters.JUnitReportReporter -->
<testsuite hostname="iMac-User" failures="0" tests="1" name="com.geekbrains.AppTest" time="0.016" errors="0" timestamp="2021-05-14T07:45:48 MSK" skipped="0">
  <testcase classname="com.geekbrains.AppTest" name="shouldAnswerWithTrue" time="0.016"/>
  <system-out/>
</testsuite> <!-- com.geekbrains.AppTest -->
